# JRE version: Java(TM) SE Runtime Environment (8.0_171-b11) (build 1.8.0_171-b11)
# Java VM: Java HotSpot(TM) 64-Bit Server VM (25.171-b11 mixed mode linux-amd64 compressed oops)
Heap:
 PSYoungGen      total 266752K, used 12422K [0x00000000d6c00000, 0x00000000e8700000, 0x0000000100000000)
  eden space 248832K, 0% used [0x00000000d6c00000,0x00000000d6c00000,0x00000000e5f00000)
  from space 17920K, 69% used [0x00000000e5f00000,0x00000000e6b218b8,0x00000000e7080000)
  to   space 12800K, 0% used [0x00000000e7080000,0x00000000e7080000,0x00000000e7d00000)
 ParOldGen       total 70656K, used 29733K [0x0000000084400000, 0x0000000088900000, 0x00000000d6c00000)
  object space 70656K, 42% used [0x0000000084400000,0x0000000086109430,0x0000000088900000)
 Metaspace       used 26282K, capacity 27046K, committed 27392K, reserved 1073152K
  class space    used 2960K, capacity 3214K, committed 3328K, reserved 1048576K
GC Heap History (10 events):
Event: 28,945 GC heap after
Heap after GC invocations=3 (full 0):
 PSYoungGen      total 68608K, used 5120K [0x00000000d6c00000, 0x00000000df200000, 0x0000000100000000)
  eden space 63488K, 0% used [0x00000000d6c00000,0x00000000d6c00000,0x00000000daa00000)
  from space 5120K, 100% used [0x00000000daa00000,0x00000000daf00000,0x00000000daf00000)
  to   space 5120K, 0% used [0x00000000ded00000,0x00000000ded00000,0x00000000df200000)
 ParOldGen       total 84992K, used 5029K [0x0000000084400000, 0x0000000089700000, 0x00000000d6c00000)
  object space 84992K, 5% used [0x0000000084400000,0x00000000848e9440,0x0000000089700000)
 Metaspace       used 13616K, capacity 14002K, committed 14080K, reserved 1060864K
  class space    used 1648K, capacity 1763K, committed 1792K, reserved 1048576K
}
Event: 32,294 GC heap before
{Heap before GC invocations=4 (full 0):
 PSYoungGen      total 68608K, used 68608K [0x00000000d6c00000, 0x00000000df200000, 0x0000000100000000)
  eden space 63488K, 100% used [0x00000000d6c00000,0x00000000daa00000,0x00000000daa00000)
  from space 5120K, 100% used [0x00000000daa00000,0x00000000daf00000,0x00000000daf00000)
  to   space 5120K, 0% used [0x00000000ded00000,0x00000000ded00000,0x00000000df200000)
 ParOldGen       total 84992K, used 5029K [0x0000000084400000, 0x0000000089700000, 0x00000000d6c00000)
  object space 84992K, 5% used [0x0000000084400000,0x00000000848e9440,0x0000000089700000)
 Metaspace       used 13853K, capacity 14236K, committed 14336K, reserved 1062912K
  class space    used 1654K, capacity 1770K, committed 1792K, reserved 1048576K
Event: 33,706 GC heap after
Heap after GC invocations=4 (full 0):
 PSYoungGen      total 132096K, used 5088K [0x00000000d6c00000, 0x00000000df200000, 0x0000000100000000)
  eden space 126976K, 0% used [0x00000000d6c00000,0x00000000d6c00000,0x00000000de800000)
  from space 5120K, 99% used [0x00000000ded00000,0x00000000df1f8020,0x00000000df200000)
  to   space 5120K, 0% used [0x00000000de800000,0x00000000de800000,0x00000000ded00000)
 ParOldGen       total 84992K, used 8013K [0x0000000084400000, 0x0000000089700000, 0x00000000d6c00000)
  object space 84992K, 9% used [0x0000000084400000,0x0000000084bd3440,0x0000000089700000)
 Metaspace       used 13853K, capacity 14236K, committed 14336K, reserved 1062912K
  class space    used 1654K, capacity 1770K, committed 1792K, reserved 1048576K
}
Event: 72,640 GC heap before
{Heap before GC invocations=5 (full 0):
 PSYoungGen      total 132096K, used 132064K [0x00000000d6c00000, 0x00000000df200000, 0x0000000100000000)
  eden space 126976K, 100% used [0x00000000d6c00000,0x00000000de800000,0x00000000de800000)
  from space 5120K, 99% used [0x00000000ded00000,0x00000000df1f8020,0x00000000df200000)
  to   space 5120K, 0% used [0x00000000de800000,0x00000000de800000,0x00000000ded00000)
 ParOldGen       total 84992K, used 8013K [0x0000000084400000, 0x0000000089700000, 0x00000000d6c00000)
  object space 84992K, 9% used [0x0000000084400000,0x0000000084bd3440,0x0000000089700000)
 Metaspace       used 19486K, capacity 20048K, committed 20224K, reserved 1067008K
  class space    used 2346K, capacity 2510K, committed 2560K, reserved 1048576K
Event: 74,005 GC heap after
Heap after GC invocations=5 (full 0):
 PSYoungGen      total 132096K, used 5096K [0x00000000d6c00000, 0x00000000e7d00000, 0x0000000100000000)
  eden space 126976K, 0% used [0x00000000d6c00000,0x00000000d6c00000,0x00000000de800000)
  from space 5120K, 99% used [0x00000000de800000,0x00000000decfa208,0x00000000ded00000)
  to   space 12800K, 0% used [0x00000000e7080000,0x00000000e7080000,0x00000000e7d00000)
 ParOldGen       total 84992K, used 14604K [0x0000000084400000, 0x0000000089700000, 0x00000000d6c00000)
  object space 84992K, 17% used [0x0000000084400000,0x0000000085243128,0x0000000089700000)
 Metaspace       used 19486K, capacity 20048K, committed 20224K, reserved 1067008K
  class space    used 2346K, capacity 2510K, committed 2560K, reserved 1048576K
}
Event: 78,523 GC heap before
{Heap before GC invocations=6 (full 0):
 PSYoungGen      total 132096K, used 46320K [0x00000000d6c00000, 0x00000000e7d00000, 0x0000000100000000)
  eden space 126976K, 32% used [0x00000000d6c00000,0x00000000d9441f80,0x00000000de800000)
  from space 5120K, 99% used [0x00000000de800000,0x00000000decfa208,0x00000000ded00000)
  to   space 12800K, 0% used [0x00000000e7080000,0x00000000e7080000,0x00000000e7d00000)
 ParOldGen       total 84992K, used 14604K [0x0000000084400000, 0x0000000089700000, 0x00000000d6c00000)
  object space 84992K, 17% used [0x0000000084400000,0x0000000085243128,0x0000000089700000)
 Metaspace       used 20488K, capacity 21072K, committed 21296K, reserved 1069056K
  class space    used 2399K, capacity 2574K, committed 2688K, reserved 1048576K
Event: 78,545 GC heap after
Heap after GC invocations=6 (full 0):
 PSYoungGen      total 261632K, used 12784K [0x00000000d6c00000, 0x00000000e8700000, 0x0000000100000000)
  eden space 248832K, 0% used [0x00000000d6c00000,0x00000000d6c00000,0x00000000e5f00000)
  from space 12800K, 99% used [0x00000000e7080000,0x00000000e7cfc1a8,0x00000000e7d00000)
  to   space 17920K, 0% used [0x00000000e5f00000,0x00000000e5f00000,0x00000000e7080000)
 ParOldGen       total 84992K, used 20617K [0x0000000084400000, 0x0000000089700000, 0x00000000d6c00000)
  object space 84992K, 24% used [0x0000000084400000,0x0000000085822628,0x0000000089700000)
 Metaspace       used 20488K, capacity 21072K, committed 21296K, reserved 1069056K
  class space    used 2399K, capacity 2574K, committed 2688K, reserved 1048576K
}
Event: 78,545 GC heap before
{Heap before GC invocations=7 (full 1):
 PSYoungGen      total 261632K, used 12784K [0x00000000d6c00000, 0x00000000e8700000, 0x0000000100000000)
  eden space 248832K, 0% used [0x00000000d6c00000,0x00000000d6c00000,0x00000000e5f00000)
  from space 12800K, 99% used [0x00000000e7080000,0x00000000e7cfc1a8,0x00000000e7d00000)
  to   space 17920K, 0% used [0x00000000e5f00000,0x00000000e5f00000,0x00000000e7080000)
 ParOldGen       total 84992K, used 20617K [0x0000000084400000, 0x0000000089700000, 0x00000000d6c00000)
  object space 84992K, 24% used [0x0000000084400000,0x0000000085822628,0x0000000089700000)
 Metaspace       used 20488K, capacity 21072K, committed 21296K, reserved 1069056K
  class space    used 2399K, capacity 2574K, committed 2688K, reserved 1048576K
Event: 78,632 GC heap after
Heap after GC invocations=7 (full 1):
 PSYoungGen      total 261632K, used 0K [0x00000000d6c00000, 0x00000000e8700000, 0x0000000100000000)
  eden space 248832K, 0% used [0x00000000d6c00000,0x00000000d6c00000,0x00000000e5f00000)
  from space 12800K, 0% used [0x00000000e7080000,0x00000000e7080000,0x00000000e7d00000)
  to   space 17920K, 0% used [0x00000000e5f00000,0x00000000e5f00000,0x00000000e7080000)
 ParOldGen       total 70656K, used 29725K [0x0000000084400000, 0x0000000088900000, 0x00000000d6c00000)
  object space 70656K, 42% used [0x0000000084400000,0x0000000086107430,0x0000000088900000)
 Metaspace       used 20488K, capacity 21072K, committed 21296K, reserved 1069056K
  class space    used 2399K, capacity 2574K, committed 2688K, reserved 1048576K
}
Event: 144,664 GC heap before
{Heap before GC invocations=8 (full 1):
 PSYoungGen      total 261632K, used 248832K [0x00000000d6c00000, 0x00000000e8700000, 0x0000000100000000)
  eden space 248832K, 100% used [0x00000000d6c00000,0x00000000e5f00000,0x00000000e5f00000)
  from space 12800K, 0% used [0x00000000e7080000,0x00000000e7080000,0x00000000e7d00000)
  to   space 17920K, 0% used [0x00000000e5f00000,0x00000000e5f00000,0x00000000e7080000)
 ParOldGen       total 70656K, used 29725K [0x0000000084400000, 0x0000000088900000, 0x00000000d6c00000)
  object space 70656K, 42% used [0x0000000084400000,0x0000000086107430,0x0000000088900000)
 Metaspace       used 26282K, capacity 27046K, committed 27392K, reserved 1073152K
  class space    used 2960K, capacity 3214K, committed 3328K, reserved 1048576K

